Loading file
Warning: Different number of grandparents (2 and 1) in family 110
Found 1 grandparents in family 110
Warning: Different number of grandparents (2 and 1) in family 240
Found 1 grandparents in family 240
Warning: Different number of grandparents (2 and 1) in family 284
Found 1 grandparents in family 284
Number of individuals = 23
Number of families = 3
File loaded with 20574 SNPs
Number of individuals = 20 excluding grandparents
Number of families = 3
Number of LGs = 8
Number of markers = 14
Setting dataScale to 1.0 all likelihoods will be multiplied by 1.0
Initial score = -109.65274173906026
Iteration 1 of 1 + 2
4424421 done
Polishing map...
score = -66.73556351242523
*score = -66.73556351242523
score = -63.28168587293416
*score = -63.28168587293416
Iteration 2 of 1 + 2
Polishing map...
score = -63.28168587293416
score = -63.28168587293416
score = -63.28168587293416
score = -63.28168587293416
Final score = -63.28168587293416
Setting dataScale to 1.0 all likelihoods will be multiplied by 1.0
logL = -43.259172723162536
logL = 0.0
logL = -20.022513149771626
number of recombinations = 12.0 logL = -63.28168587293416
Individual	110	110_111a_grn	recombines	2	times
Individual	110	110_111b_grn	recombines	1	times
Individual	110	110_111c_grnson	recombines	1	times
Individual	110	110_111d_grndat	recombines	2	times
Individual	110	110_111e_grn	recombines	2	times
Individual	110	110_111f_grn	recombines	1	times
Individual	284	284_285a_grnson	recombines	1	times
Individual	284	284_285b_grndat	recombines	2	times
