Loading file
Warning: Different number of grandparents (2 and 1) in family 110
Found 1 grandparents in family 110
Warning: Different number of grandparents (2 and 1) in family 240
Found 1 grandparents in family 240
Warning: Different number of grandparents (2 and 1) in family 284
Found 1 grandparents in family 284
Number of individuals = 23
Number of families = 3
File loaded with 20574 SNPs
Number of individuals = 20 excluding grandparents
Number of families = 3
Number of LGs = 8
Number of markers = 227
Setting dataScale to 0.06167400881057269 all likelihoods will be multiplied by 16.214285714285715
Initial score = -319.7252471637904
Iteration 1 of 1 + 2
884884288488421 done
Polishing map...
score = -192.17483607353435
*score = -192.17483607353435
score = -207.20355583308063
score = -207.20355583308063
Iteration 2 of 1 + 2
Polishing map...
score = -192.17483607353435
score = -192.17483607353435
score = -192.17483607353435
score = -192.17483607353435
Final score = -192.17483607353435
Setting dataScale to 0.06167400881057269 all likelihoods will be multiplied by 16.214285714285715
logL = -149.22174395341247
logL = -20.803605102933858
logL = -18.69560937769694
number of recombinations = 12.0 logL = -188.72095843404327
Individual	110	110_111a_grn	recombines	2	times
Individual	110	110_111d_grndat	recombines	2	times
Individual	110	110_111e_grn	recombines	2	times
Individual	110	110_111f_grn	recombines	3	times
Individual	240	240_241c_grnson	recombines	1	times
Individual	284	284_285b_grndat	recombines	1	times
Individual	284	284_285c_grn	recombines	1	times
